-------------------------------------------------------------------------------
Test set: StepDefination.TestRunner
-------------------------------------------------------------------------------
Tests run: 3, Failures: 1, Errors: 0, Skipped: 0, Time elapsed: 25.02 s <<< FAILURE! -- in StepDefination.TestRunner
StepDefination.TestRunner.runScenario["facebook verify with wrong assert", "facebook feature"](3) -- Time elapsed: 19.33 s <<< FAILURE!
java.lang.AssertionError: expected [true] but found [false]
	at org.testng.Assert.fail(Assert.java:111)
	at org.testng.Assert.failNotEquals(Assert.java:1578)
	at org.testng.Assert.assertTrue(Assert.java:57)
	at org.testng.Assert.assertTrue(Assert.java:67)
	at StepDefination.loginDef.verify_title(loginDef.java:55)
	at âœ½.verify title(file:///C:/RestAssured/workspace/CucumberTestng/src/test/java/Features/facebook.feature:16)

