<?xml version="1.0" encoding="UTF-8"?>
<!-- Generated by org.testng.reporters.JUnitReportReporter -->
<testsuite hostname="DESKTOP-E13VVH5" failures="1" tests="3" name="StepDefination.TestRunner" time="43.515" errors="0" timestamp="2024-02-24T15:54:02 IST" skipped="0">
  <testcase classname="StepDefination.TestRunner" name="runScenario" time="11.917"/>
  <testcase classname="StepDefination.TestRunner" name="runScenario" time="19.681">
    <failure message="expected [true] but found [false]" type="java.lang.AssertionError">
      <![CDATA[java.lang.AssertionError: expected [true] but found [false]
at org.testng.Assert.fail(Assert.java:111)
at org.testng.Assert.failNotEquals(Assert.java:1578)
at org.testng.Assert.assertTrue(Assert.java:57)
at org.testng.Assert.assertTrue(Assert.java:67)
at StepDefination.loginDef.verify_title(loginDef.java:54)
at âœ½.verify title(file:///C:/RestAssured/workspace/CucumberTestng/src/test/java/Features/facebook.feature:16)
]]>
    </failure>
  </testcase> <!-- runScenario -->
  <testcase classname="StepDefination.TestRunner" name="runScenario" time="11.917"/>
</testsuite> <!-- StepDefination.TestRunner -->
