<?xml version="1.0" encoding="UTF-8"?>
<!-- Generated by org.testng.reporters.JUnitReportReporter -->
<testsuite hostname="DESKTOP-E13VVH5" failures="1" tests="3" name="StepDefination.TestRunner" time="49.698" errors="0" timestamp="2024-02-28T15:40:12 IST" skipped="0">
  <testcase classname="StepDefination.TestRunner" name="runScenario" time="17.465">
    <failure message="expected [true] but found [false]" type="java.lang.AssertionError">
      <![CDATA[java.lang.AssertionError: expected [true] but found [false]
at org.testng.Assert.fail(Assert.java:111)
at org.testng.Assert.failNotEquals(Assert.java:1578)
at org.testng.Assert.assertTrue(Assert.java:57)
at org.testng.Assert.assertTrue(Assert.java:67)
at StepDefination.loginDef.verify_title(loginDef.java:55)
at âœ½.verify title(file:///C:/RestAssured/workspace/CucumberTestng/src/test/java/Features/facebook.feature:16)
]]>
    </failure>
  </testcase> <!-- runScenario -->
  <testcase classname="StepDefination.TestRunner" name="runScenario" time="16.111"/>
  <testcase classname="StepDefination.TestRunner" name="runScenario" time="16.122"/>
</testsuite> <!-- StepDefination.TestRunner -->
